SF:lib\src\re_state_action_test.dart
DA:75,0
DA:92,0
DA:94,0
DA:95,0
DA:96,0
DA:97,0
DA:99,0
DA:106,0
DA:111,0
DA:112,0
DA:115,0
DA:123,0
DA:125,0
DA:132,0
DA:134,0
DA:141,0
DA:142,0
DA:148,0
DA:151,0
DA:155,0
DA:158,0
DA:160,0
DA:163,0
DA:164,0
DA:165,0
DA:168,0
LF:26
LH:0
end_of_record
SF:lib\src\re_state_test.dart
DA:64,1
DA:79,1
DA:81,1
DA:82,1
DA:83,1
DA:85,1
DA:92,3
DA:96,2
DA:99,0
DA:107,1
DA:109,4
DA:116,1
DA:117,2
DA:123,1
DA:126,3
DA:129,0
DA:131,0
DA:134,2
DA:135,1
DA:138,3
LF:20
LH:17
end_of_record
SF:lib\src\utils.dart
DA:5,1
DA:12,1
DA:15,1
LF:3
LH:3
end_of_record
