SF:lib\src\re_state_action_test.dart
DA:75,1
DA:92,1
DA:94,1
DA:95,1
DA:96,1
DA:97,1
DA:99,1
DA:106,0
DA:111,2
DA:112,2
DA:115,0
DA:123,1
DA:125,4
DA:132,1
DA:134,4
DA:141,1
DA:142,2
DA:148,1
DA:151,3
DA:155,3
DA:158,0
DA:160,0
DA:163,2
DA:164,2
DA:165,1
DA:168,3
LF:26
LH:22
end_of_record
SF:lib\src\re_state_test.dart
DA:64,1
DA:79,1
DA:81,1
DA:82,1
DA:83,1
DA:85,1
DA:92,3
DA:96,2
DA:99,0
DA:107,1
DA:109,4
DA:116,1
DA:117,2
DA:123,1
DA:126,3
DA:129,0
DA:131,0
DA:134,2
DA:135,1
DA:138,3
LF:20
LH:17
end_of_record
SF:lib\src\utils.dart
DA:5,2
DA:12,2
DA:15,2
LF:3
LH:3
end_of_record
